#! /opt/homebrew/Cellar/icarus-verilog/11.0/bin/vvp
:ivl_version "11.0 (stable)";
:ivl_delay_selection "TYPICAL";
:vpi_time_precision + 0;
:vpi_module "/opt/homebrew/Cellar/icarus-verilog/11.0/lib/ivl/system.vpi";
:vpi_module "/opt/homebrew/Cellar/icarus-verilog/11.0/lib/ivl/vhdl_sys.vpi";
:vpi_module "/opt/homebrew/Cellar/icarus-verilog/11.0/lib/ivl/vhdl_textio.vpi";
:vpi_module "/opt/homebrew/Cellar/icarus-verilog/11.0/lib/ivl/v2005_math.vpi";
:vpi_module "/opt/homebrew/Cellar/icarus-verilog/11.0/lib/ivl/va_math.vpi";
S_0x13ae06a60 .scope module, "alu" "alu" 2 2;
 .timescale 0 0;
    .port_info 0 /INPUT 32 "A";
    .port_info 1 /INPUT 32 "B";
    .port_info 2 /INPUT 4 "Op";
    .port_info 3 /OUTPUT 32 "Out";
    .port_info 4 /OUTPUT 1 "zero";
    .port_info 5 /OUTPUT 1 "N";
    .port_info 6 /OUTPUT 1 "C";
    .port_info 7 /OUTPUT 1 "V";
o0x120008010 .functor BUFZ 32, C4<zzzzzzzzzzzzzzzzzzzzzzzzzzzzzzzz>; HiZ drive
v0x13ae080b0_0 .net "A", 31 0, o0x120008010;  0 drivers
o0x120008040 .functor BUFZ 32, C4<zzzzzzzzzzzzzzzzzzzzzzzzzzzzzzzz>; HiZ drive
v0x13ae21b80_0 .net "B", 31 0, o0x120008040;  0 drivers
v0x13ae21c30_0 .var "C", 0 0;
v0x13ae21ce0_0 .var "N", 0 0;
o0x1200080d0 .functor BUFZ 4, C4<zzzz>; HiZ drive
v0x13ae21d80_0 .net "Op", 3 0, o0x1200080d0;  0 drivers
v0x13ae21e70_0 .var "Out", 31 0;
v0x13ae21f20_0 .var "V", 0 0;
v0x13ae21fc0_0 .var "temp", 32 0;
v0x13ae22070_0 .var "zero", 0 0;
E_0x13ae10720 .event edge, v0x13ae21d80_0, v0x13ae21b80_0, v0x13ae080b0_0;
    .scope S_0x13ae06a60;
T_0 ;
    %wait E_0x13ae10720;
    %load/vec4 v0x13ae21d80_0;
    %dup/vec4;
    %pushi/vec4 0, 0, 4;
    %cmp/u;
    %jmp/1 T_0.0, 6;
    %dup/vec4;
    %pushi/vec4 1, 0, 4;
    %cmp/u;
    %jmp/1 T_0.1, 6;
    %dup/vec4;
    %pushi/vec4 2, 0, 4;
    %cmp/u;
    %jmp/1 T_0.2, 6;
    %dup/vec4;
    %pushi/vec4 3, 0, 4;
    %cmp/u;
    %jmp/1 T_0.3, 6;
    %dup/vec4;
    %pushi/vec4 4, 0, 4;
    %cmp/u;
    %jmp/1 T_0.4, 6;
    %dup/vec4;
    %pushi/vec4 5, 0, 4;
    %cmp/u;
    %jmp/1 T_0.5, 6;
    %dup/vec4;
    %pushi/vec4 6, 0, 4;
    %cmp/u;
    %jmp/1 T_0.6, 6;
    %dup/vec4;
    %pushi/vec4 7, 0, 4;
    %cmp/u;
    %jmp/1 T_0.7, 6;
    %dup/vec4;
    %pushi/vec4 8, 0, 4;
    %cmp/u;
    %jmp/1 T_0.8, 6;
    %dup/vec4;
    %pushi/vec4 9, 0, 4;
    %cmp/u;
    %jmp/1 T_0.9, 6;
    %dup/vec4;
    %pushi/vec4 10, 0, 4;
    %cmp/u;
    %jmp/1 T_0.10, 6;
    %dup/vec4;
    %pushi/vec4 11, 0, 4;
    %cmp/u;
    %jmp/1 T_0.11, 6;
    %dup/vec4;
    %pushi/vec4 12, 0, 4;
    %cmp/u;
    %jmp/1 T_0.12, 6;
    %jmp T_0.13;
T_0.0 ;
    %load/vec4 v0x13ae21b80_0;
    %store/vec4 v0x13ae21e70_0, 0, 32;
    %jmp T_0.13;
T_0.1 ;
    %load/vec4 v0x13ae21b80_0;
    %addi 4, 0, 32;
    %store/vec4 v0x13ae21e70_0, 0, 32;
    %jmp T_0.13;
T_0.2 ;
    %load/vec4 v0x13ae080b0_0;
    %load/vec4 v0x13ae21b80_0;
    %add;
    %store/vec4 v0x13ae21e70_0, 0, 32;
    %jmp T_0.13;
T_0.3 ;
    %load/vec4 v0x13ae080b0_0;
    %load/vec4 v0x13ae21b80_0;
    %sub;
    %store/vec4 v0x13ae21e70_0, 0, 32;
    %load/vec4 v0x13ae080b0_0;
    %pad/u 33;
    %load/vec4 v0x13ae21b80_0;
    %pad/u 33;
    %sub;
    %store/vec4 v0x13ae21fc0_0, 0, 33;
    %load/vec4 v0x13ae21e70_0;
    %cmpi/e 0, 0, 32;
    %flag_mov 8, 4;
    %jmp/0 T_0.14, 8;
    %pushi/vec4 1, 0, 1;
    %jmp/1 T_0.15, 8;
T_0.14 ; End of true expr.
    %pushi/vec4 0, 0, 1;
    %jmp/0 T_0.15, 8;
 ; End of false expr.
    %blend;
T_0.15;
    %store/vec4 v0x13ae22070_0, 0, 1;
    %load/vec4 v0x13ae21e70_0;
    %parti/s 1, 31, 6;
    %store/vec4 v0x13ae21ce0_0, 0, 1;
    %load/vec4 v0x13ae21fc0_0;
    %parti/s 1, 32, 7;
    %store/vec4 v0x13ae21c30_0, 0, 1;
    %load/vec4 v0x13ae080b0_0;
    %parti/s 1, 31, 6;
    %load/vec4 v0x13ae21b80_0;
    %parti/s 1, 31, 6;
    %xor;
    %load/vec4 v0x13ae080b0_0;
    %parti/s 1, 31, 6;
    %load/vec4 v0x13ae21e70_0;
    %parti/s 1, 31, 6;
    %xor;
    %and;
    %flag_set/vec4 8;
    %jmp/0 T_0.16, 8;
    %pushi/vec4 1, 0, 1;
    %jmp/1 T_0.17, 8;
T_0.16 ; End of true expr.
    %pushi/vec4 0, 0, 1;
    %jmp/0 T_0.17, 8;
 ; End of false expr.
    %blend;
T_0.17;
    %store/vec4 v0x13ae21f20_0, 0, 1;
    %jmp T_0.13;
T_0.4 ;
    %load/vec4 v0x13ae080b0_0;
    %load/vec4 v0x13ae21b80_0;
    %add;
    %pushi/vec4 4294967294, 0, 32;
    %and;
    %store/vec4 v0x13ae21e70_0, 0, 32;
    %jmp T_0.13;
T_0.5 ;
    %load/vec4 v0x13ae080b0_0;
    %load/vec4 v0x13ae21b80_0;
    %parti/s 5, 0, 2;
    %ix/vec4 4;
    %shiftl 4;
    %store/vec4 v0x13ae21e70_0, 0, 32;
    %jmp T_0.13;
T_0.6 ;
    %load/vec4 v0x13ae080b0_0;
    %load/vec4 v0x13ae21b80_0;
    %parti/s 5, 0, 2;
    %ix/vec4 4;
    %shiftr 4;
    %store/vec4 v0x13ae21e70_0, 0, 32;
    %jmp T_0.13;
T_0.7 ;
    %load/vec4 v0x13ae080b0_0;
    %load/vec4 v0x13ae21b80_0;
    %parti/s 5, 0, 2;
    %ix/vec4 4;
    %shiftr/s 4;
    %store/vec4 v0x13ae21e70_0, 0, 32;
    %jmp T_0.13;
T_0.8 ;
    %load/vec4 v0x13ae080b0_0;
    %pad/u 33;
    %load/vec4 v0x13ae21b80_0;
    %pad/u 33;
    %sub;
    %store/vec4 v0x13ae21fc0_0, 0, 33;
    %load/vec4 v0x13ae21fc0_0;
    %cmpi/e 0, 0, 33;
    %flag_mov 8, 4;
    %jmp/0 T_0.18, 8;
    %pushi/vec4 1, 0, 1;
    %jmp/1 T_0.19, 8;
T_0.18 ; End of true expr.
    %pushi/vec4 0, 0, 1;
    %jmp/0 T_0.19, 8;
 ; End of false expr.
    %blend;
T_0.19;
    %store/vec4 v0x13ae22070_0, 0, 1;
    %load/vec4 v0x13ae21fc0_0;
    %parti/s 1, 31, 6;
    %store/vec4 v0x13ae21ce0_0, 0, 1;
    %load/vec4 v0x13ae21fc0_0;
    %parti/s 1, 32, 7;
    %store/vec4 v0x13ae21c30_0, 0, 1;
    %load/vec4 v0x13ae080b0_0;
    %parti/s 1, 31, 6;
    %load/vec4 v0x13ae21b80_0;
    %parti/s 1, 31, 6;
    %xor;
    %load/vec4 v0x13ae080b0_0;
    %parti/s 1, 31, 6;
    %load/vec4 v0x13ae21fc0_0;
    %parti/s 1, 31, 6;
    %xor;
    %and;
    %flag_set/vec4 8;
    %jmp/0 T_0.20, 8;
    %pushi/vec4 1, 0, 1;
    %jmp/1 T_0.21, 8;
T_0.20 ; End of true expr.
    %pushi/vec4 0, 0, 1;
    %jmp/0 T_0.21, 8;
 ; End of false expr.
    %blend;
T_0.21;
    %store/vec4 v0x13ae21f20_0, 0, 1;
    %load/vec4 v0x13ae21ce0_0;
    %inv;
    %load/vec4 v0x13ae21f20_0;
    %and;
    %flag_set/vec4 8;
    %jmp/0xz  T_0.22, 8;
    %pushi/vec4 1, 0, 32;
    %store/vec4 v0x13ae21e70_0, 0, 32;
    %jmp T_0.23;
T_0.22 ;
    %pushi/vec4 0, 0, 32;
    %store/vec4 v0x13ae21e70_0, 0, 32;
T_0.23 ;
    %jmp T_0.13;
T_0.9 ;
    %load/vec4 v0x13ae080b0_0;
    %pad/u 33;
    %load/vec4 v0x13ae21b80_0;
    %pad/u 33;
    %sub;
    %store/vec4 v0x13ae21fc0_0, 0, 33;
    %load/vec4 v0x13ae21fc0_0;
    %cmpi/e 0, 0, 33;
    %flag_mov 8, 4;
    %jmp/0 T_0.24, 8;
    %pushi/vec4 1, 0, 1;
    %jmp/1 T_0.25, 8;
T_0.24 ; End of true expr.
    %pushi/vec4 0, 0, 1;
    %jmp/0 T_0.25, 8;
 ; End of false expr.
    %blend;
T_0.25;
    %store/vec4 v0x13ae22070_0, 0, 1;
    %load/vec4 v0x13ae21fc0_0;
    %parti/s 1, 31, 6;
    %store/vec4 v0x13ae21ce0_0, 0, 1;
    %load/vec4 v0x13ae21fc0_0;
    %parti/s 1, 32, 7;
    %store/vec4 v0x13ae21c30_0, 0, 1;
    %load/vec4 v0x13ae080b0_0;
    %parti/s 1, 31, 6;
    %load/vec4 v0x13ae21b80_0;
    %parti/s 1, 31, 6;
    %xor;
    %load/vec4 v0x13ae080b0_0;
    %parti/s 1, 31, 6;
    %load/vec4 v0x13ae21fc0_0;
    %parti/s 1, 31, 6;
    %xor;
    %and;
    %flag_set/vec4 8;
    %jmp/0 T_0.26, 8;
    %pushi/vec4 1, 0, 1;
    %jmp/1 T_0.27, 8;
T_0.26 ; End of true expr.
    %pushi/vec4 0, 0, 1;
    %jmp/0 T_0.27, 8;
 ; End of false expr.
    %blend;
T_0.27;
    %store/vec4 v0x13ae21f20_0, 0, 1;
    %load/vec4 v0x13ae21c30_0;
    %pad/u 32;
    %cmpi/e 1, 0, 32;
    %jmp/0xz  T_0.28, 4;
    %pushi/vec4 1, 0, 32;
    %store/vec4 v0x13ae21e70_0, 0, 32;
    %jmp T_0.29;
T_0.28 ;
    %pushi/vec4 0, 0, 32;
    %store/vec4 v0x13ae21e70_0, 0, 32;
T_0.29 ;
    %jmp T_0.13;
T_0.10 ;
    %load/vec4 v0x13ae080b0_0;
    %load/vec4 v0x13ae21b80_0;
    %and;
    %store/vec4 v0x13ae21e70_0, 0, 32;
    %jmp T_0.13;
T_0.11 ;
    %load/vec4 v0x13ae080b0_0;
    %load/vec4 v0x13ae21b80_0;
    %or;
    %store/vec4 v0x13ae21e70_0, 0, 32;
    %jmp T_0.13;
T_0.12 ;
    %load/vec4 v0x13ae080b0_0;
    %load/vec4 v0x13ae21b80_0;
    %xor;
    %store/vec4 v0x13ae21e70_0, 0, 32;
    %jmp T_0.13;
T_0.13 ;
    %pop/vec4 1;
    %vpi_call 2 155 "$display", "Z %d, N %d , C %d, V %d", v0x13ae22070_0, v0x13ae21ce0_0, v0x13ae21c30_0, v0x13ae21f20_0 {0 0 0};
    %jmp T_0;
    .thread T_0, $push;
# The file index is used to find the file name in the following table.
:file_names 3;
    "N/A";
    "<interactive>";
    "alu.v";
