#! /opt/homebrew/Cellar/icarus-verilog/11.0/bin/vvp
:ivl_version "11.0 (stable)";
:ivl_delay_selection "TYPICAL";
:vpi_time_precision + 0;
:vpi_module "/opt/homebrew/Cellar/icarus-verilog/11.0/lib/ivl/system.vpi";
:vpi_module "/opt/homebrew/Cellar/icarus-verilog/11.0/lib/ivl/vhdl_sys.vpi";
:vpi_module "/opt/homebrew/Cellar/icarus-verilog/11.0/lib/ivl/vhdl_textio.vpi";
:vpi_module "/opt/homebrew/Cellar/icarus-verilog/11.0/lib/ivl/v2005_math.vpi";
:vpi_module "/opt/homebrew/Cellar/icarus-verilog/11.0/lib/ivl/va_math.vpi";
S_0x11d20c070 .scope module, "DataMemory" "DataMemory" 2 1;
 .timescale 0 0;
    .port_info 0 /OUTPUT 32 "DataOut";
    .port_info 1 /INPUT 1 "ReadWrite";
    .port_info 2 /INPUT 1 "Enable";
    .port_info 3 /INPUT 1 "SignExt";
    .port_info 4 /INPUT 9 "Address";
    .port_info 5 /INPUT 32 "DataIn";
    .port_info 6 /INPUT 2 "Size";
P_0x11d20c1e0 .param/l "BYTE" 0 2 5, C4<00>;
P_0x11d20c220 .param/l "HALFWORD" 0 2 6, C4<01>;
P_0x11d20c260 .param/l "WORD" 0 2 7, C4<10>;
o0x110018010 .functor BUFZ 9, C4<zzzzzzzzz>; HiZ drive
v0x11d20c440_0 .net "Address", 8 0, o0x110018010;  0 drivers
o0x110018040 .functor BUFZ 32, C4<zzzzzzzzzzzzzzzzzzzzzzzzzzzzzzzz>; HiZ drive
v0x11d21c4d0_0 .net "DataIn", 31 0, o0x110018040;  0 drivers
v0x11d21c570_0 .var "DataOut", 31 0;
o0x1100180a0 .functor BUFZ 1, C4<z>; HiZ drive
v0x11d21c620_0 .net "Enable", 0 0, o0x1100180a0;  0 drivers
v0x11d21c6c0 .array "Mem", 511 0, 7 0;
o0x1100180d0 .functor BUFZ 1, C4<z>; HiZ drive
v0x11d21c7a0_0 .net "ReadWrite", 0 0, o0x1100180d0;  0 drivers
o0x110018100 .functor BUFZ 1, C4<z>; HiZ drive
v0x11d21c840_0 .net "SignExt", 0 0, o0x110018100;  0 drivers
o0x110018130 .functor BUFZ 2, C4<zz>; HiZ drive
v0x11d21c8e0_0 .net "Size", 1 0, o0x110018130;  0 drivers
E_0x11d20b390/0 .event edge, v0x11d21c8e0_0, v0x11d21c4d0_0, v0x11d20c440_0, v0x11d21c840_0;
E_0x11d20b390/1 .event edge, v0x11d21c7a0_0, v0x11d21c620_0;
E_0x11d20b390 .event/or E_0x11d20b390/0, E_0x11d20b390/1;
    .scope S_0x11d20c070;
T_0 ;
    %wait E_0x11d20b390;
    %vpi_call 2 20 "$display", "entro a Data memory :\012 Enable %b , RW %b , SE %b , Address = %d , DataIN = %b , Size %b", v0x11d21c620_0, v0x11d21c7a0_0, v0x11d21c840_0, v0x11d20c440_0, v0x11d21c4d0_0, v0x11d21c8e0_0 {0 0 0};
    %load/vec4 v0x11d21c620_0;
    %flag_set/vec4 8;
    %jmp/0xz  T_0.0, 8;
    %load/vec4 v0x11d21c7a0_0;
    %flag_set/vec4 8;
    %jmp/0xz  T_0.2, 8;
    %load/vec4 v0x11d21c8e0_0;
    %dup/vec4;
    %pushi/vec4 0, 0, 2;
    %cmp/u;
    %jmp/1 T_0.4, 6;
    %dup/vec4;
    %pushi/vec4 1, 0, 2;
    %cmp/u;
    %jmp/1 T_0.5, 6;
    %dup/vec4;
    %pushi/vec4 2, 0, 2;
    %cmp/u;
    %jmp/1 T_0.6, 6;
    %jmp T_0.7;
T_0.4 ;
    %load/vec4 v0x11d21c4d0_0;
    %parti/s 8, 0, 2;
    %load/vec4 v0x11d20c440_0;
    %pad/u 11;
    %ix/vec4 4;
    %store/vec4a v0x11d21c6c0, 4, 0;
    %jmp T_0.7;
T_0.5 ;
    %load/vec4 v0x11d21c4d0_0;
    %parti/s 8, 8, 5;
    %load/vec4 v0x11d20c440_0;
    %pad/u 11;
    %ix/vec4 4;
    %store/vec4a v0x11d21c6c0, 4, 0;
    %load/vec4 v0x11d21c4d0_0;
    %parti/s 8, 0, 2;
    %load/vec4 v0x11d20c440_0;
    %pad/u 33;
    %addi 1, 0, 33;
    %ix/vec4 4;
    %store/vec4a v0x11d21c6c0, 4, 0;
    %jmp T_0.7;
T_0.6 ;
    %load/vec4 v0x11d21c4d0_0;
    %parti/s 8, 24, 6;
    %load/vec4 v0x11d20c440_0;
    %pad/u 11;
    %ix/vec4 4;
    %store/vec4a v0x11d21c6c0, 4, 0;
    %load/vec4 v0x11d21c4d0_0;
    %parti/s 8, 16, 6;
    %load/vec4 v0x11d20c440_0;
    %pad/u 33;
    %addi 1, 0, 33;
    %ix/vec4 4;
    %store/vec4a v0x11d21c6c0, 4, 0;
    %load/vec4 v0x11d21c4d0_0;
    %parti/s 8, 8, 5;
    %load/vec4 v0x11d20c440_0;
    %pad/u 33;
    %addi 2, 0, 33;
    %ix/vec4 4;
    %store/vec4a v0x11d21c6c0, 4, 0;
    %load/vec4 v0x11d21c4d0_0;
    %parti/s 8, 0, 2;
    %load/vec4 v0x11d20c440_0;
    %pad/u 33;
    %addi 3, 0, 33;
    %ix/vec4 4;
    %store/vec4a v0x11d21c6c0, 4, 0;
    %jmp T_0.7;
T_0.7 ;
    %pop/vec4 1;
    %jmp T_0.3;
T_0.2 ;
    %load/vec4 v0x11d21c7a0_0;
    %nor/r;
    %load/vec4 v0x11d21c840_0;
    %nor/r;
    %and;
    %flag_set/vec4 8;
    %jmp/0xz  T_0.8, 8;
    %load/vec4 v0x11d21c8e0_0;
    %dup/vec4;
    %pushi/vec4 0, 0, 2;
    %cmp/u;
    %jmp/1 T_0.10, 6;
    %dup/vec4;
    %pushi/vec4 1, 0, 2;
    %cmp/u;
    %jmp/1 T_0.11, 6;
    %dup/vec4;
    %pushi/vec4 2, 0, 2;
    %cmp/u;
    %jmp/1 T_0.12, 6;
    %jmp T_0.13;
T_0.10 ;
    %pushi/vec4 0, 0, 24;
    %load/vec4 v0x11d20c440_0;
    %pad/u 11;
    %ix/vec4 4;
    %load/vec4a v0x11d21c6c0, 4;
    %concat/vec4; draw_concat_vec4
    %store/vec4 v0x11d21c570_0, 0, 32;
    %jmp T_0.13;
T_0.11 ;
    %pushi/vec4 0, 0, 16;
    %load/vec4 v0x11d20c440_0;
    %pad/u 11;
    %ix/vec4 4;
    %load/vec4a v0x11d21c6c0, 4;
    %concat/vec4; draw_concat_vec4
    %load/vec4 v0x11d20c440_0;
    %pad/u 33;
    %addi 1, 0, 33;
    %ix/vec4 4;
    %load/vec4a v0x11d21c6c0, 4;
    %concat/vec4; draw_concat_vec4
    %store/vec4 v0x11d21c570_0, 0, 32;
    %jmp T_0.13;
T_0.12 ;
    %load/vec4 v0x11d20c440_0;
    %pad/u 33;
    %addi 0, 0, 33;
    %ix/vec4 4;
    %load/vec4a v0x11d21c6c0, 4;
    %load/vec4 v0x11d20c440_0;
    %pad/u 33;
    %addi 1, 0, 33;
    %ix/vec4 4;
    %load/vec4a v0x11d21c6c0, 4;
    %concat/vec4; draw_concat_vec4
    %load/vec4 v0x11d20c440_0;
    %pad/u 33;
    %addi 2, 0, 33;
    %ix/vec4 4;
    %load/vec4a v0x11d21c6c0, 4;
    %concat/vec4; draw_concat_vec4
    %load/vec4 v0x11d20c440_0;
    %pad/u 33;
    %addi 3, 0, 33;
    %ix/vec4 4;
    %load/vec4a v0x11d21c6c0, 4;
    %concat/vec4; draw_concat_vec4
    %store/vec4 v0x11d21c570_0, 0, 32;
    %jmp T_0.13;
T_0.13 ;
    %pop/vec4 1;
    %jmp T_0.9;
T_0.8 ;
    %load/vec4 v0x11d21c7a0_0;
    %nor/r;
    %load/vec4 v0x11d21c840_0;
    %and;
    %flag_set/vec4 8;
    %jmp/0xz  T_0.14, 8;
    %load/vec4 v0x11d21c8e0_0;
    %dup/vec4;
    %pushi/vec4 0, 0, 2;
    %cmp/u;
    %jmp/1 T_0.16, 6;
    %dup/vec4;
    %pushi/vec4 1, 0, 2;
    %cmp/u;
    %jmp/1 T_0.17, 6;
    %dup/vec4;
    %pushi/vec4 2, 0, 2;
    %cmp/u;
    %jmp/1 T_0.18, 6;
    %jmp T_0.19;
T_0.16 ;
    %load/vec4 v0x11d20c440_0;
    %pad/u 11;
    %ix/vec4 4;
    %load/vec4a v0x11d21c6c0, 4;
    %pad/s 32;
    %store/vec4 v0x11d21c570_0, 0, 32;
    %jmp T_0.19;
T_0.17 ;
    %load/vec4 v0x11d20c440_0;
    %pad/u 11;
    %ix/vec4 4;
    %load/vec4a v0x11d21c6c0, 4;
    %load/vec4 v0x11d20c440_0;
    %pad/u 33;
    %addi 1, 0, 33;
    %ix/vec4 4;
    %load/vec4a v0x11d21c6c0, 4;
    %concat/vec4; draw_concat_vec4
    %pad/s 32;
    %store/vec4 v0x11d21c570_0, 0, 32;
    %jmp T_0.19;
T_0.18 ;
    %load/vec4 v0x11d20c440_0;
    %pad/u 33;
    %addi 0, 0, 33;
    %ix/vec4 4;
    %load/vec4a v0x11d21c6c0, 4;
    %load/vec4 v0x11d20c440_0;
    %pad/u 33;
    %addi 1, 0, 33;
    %ix/vec4 4;
    %load/vec4a v0x11d21c6c0, 4;
    %concat/vec4; draw_concat_vec4
    %load/vec4 v0x11d20c440_0;
    %pad/u 33;
    %addi 2, 0, 33;
    %ix/vec4 4;
    %load/vec4a v0x11d21c6c0, 4;
    %concat/vec4; draw_concat_vec4
    %load/vec4 v0x11d20c440_0;
    %pad/u 33;
    %addi 3, 0, 33;
    %ix/vec4 4;
    %load/vec4a v0x11d21c6c0, 4;
    %concat/vec4; draw_concat_vec4
    %store/vec4 v0x11d21c570_0, 0, 32;
    %jmp T_0.19;
T_0.19 ;
    %pop/vec4 1;
T_0.14 ;
T_0.9 ;
T_0.3 ;
T_0.0 ;
    %jmp T_0;
    .thread T_0, $push;
# The file index is used to find the file name in the following table.
:file_names 3;
    "N/A";
    "<interactive>";
    "dataMemory.v";
